<?xml version="1.0" encoding="UTF-8" ?>
<testsuites disabled="0" errors="0" failures="0" tests="3" time="1.706">
 <testsuite name="Validate Registration and Login functionality" timestamp="2023-11-14T23:04:20" hostname="localhost" time="1.706" errors="0" tests="3" skipped="0" disabled="0" failures="0">
  <testcase classname="Validate Registration and Login functionality" name="/register new user" time="1.012" />
  <testcase classname="Validate Registration and Login functionality" name="/login user" time="0.688" />
  <testcase classname="Validate Registration and Login functionality" name="/logout user" time="0.004" />
 </testsuite>
</testsuites>