<?xml version="1.0" encoding="UTF-8" ?>
<testsuites disabled="0" errors="0" failures="0" tests="3" time="3.936">
 <testsuite name="Validate Article functionality" timestamp="2023-11-15T00:16:31" hostname="localhost" time="3.936" errors="0" tests="3" skipped="0" disabled="0" failures="0">
  <testcase classname="Validate Article functionality" name="GET /articles" time="0.66" />
  <testcase classname="Validate Article functionality" name="GET /articles/id" time="0.677" />
  <testcase classname="Validate Article functionality" name="POST /article and verify that the article was added" time="0.897" />
 </testsuite>
</testsuites>